error: mismatched types
  ┌─ <stdin>:1:15
  │
1 │ let x : Int := true;
  │                ^^^^
  = expected: Int
       found: Bool

error: unbound type `Foo`
  ┌─ <stdin>:3:14
  │
3 │ let example : Foo -> Int :=
  │               ^^^

error: unexpected parameter
  ┌─ <stdin>:4:8
  │
4 │   fun x y => x + z;
  │         ^

error: unbound name `z`
  ┌─ <stdin>:4:17
  │
4 │   fun x y => x + z;
  │                  ^

error: mismatched types
  ┌─ <stdin>:6:4
  │
6 │ x + false
  │     ^^^^^
  = expected: Int
       found: Bool

