<stdin> : Type :=
  let Functor : Type :=
    {
      T : fun (_ : Type) -> Type;
      map : fun (A : Type) (B : Type) (_ : fun (_ : A) -> B) (_ : T A) -> T B
    };
  let Applicative : Type :=
    {
      T : fun (_ : Type) -> Type;
      functor :
        {
          T : (fun (_ : Type) -> Type) [= T];
          map :
            fun (A : Type) (B : Type) (_ : fun (_ : A) -> B) (_ : T A) -> T B
        };
      pure : fun (A : Type) (_ : A) -> T A;
      apply :
        fun (A : Type) (B : Type) (_ : T (fun (_ : A) -> B)) (_ : T A) -> T B
    };
  let Monad : Type :=
    {
      T : fun (_ : Type) -> Type;
      applicative :
        {
          T : (fun (_ : Type) -> Type) [= T];
          functor :
            {
              T : (fun (_ : Type) -> Type) [= T];
              map :
                fun (A : Type) (B : Type) (_ : fun (_ : A) -> B) (_ : T A)
                    -> T B
            };
          pure : fun (A : Type) (_ : A) -> T A;
          apply :
            fun (A : Type) (B : Type) (_ : T (fun (_ : A) -> B)) (_ : T A)
                -> T B
        };
      flat-map :
        fun (A : Type) (B : Type) (_ : fun (_ : A) -> T B) (_ : T A) -> T B
    };
  let Option : fun (A : Type) -> Type :=
    fun (A : Type) =>
      fun (Out : Type) (_ : { some : fun (_ : A) -> Out; none : Out }) -> Out;
  let none : fun (A : Type) -> Option A :=
    fun (A : Type) (Out : Type)
    (cases : { some : fun (_ : A) -> Out; none : Out }) =>
      cases.none;
  let some : fun (A : Type) (a : A) -> Option A :=
    fun (A : Type) (a : A) (Out : Type)
    (cases : { some : fun (_ : A) -> Out; none : Out }) =>
      cases.some a;
  let option-functor : Functor :=
    {
      T := Option;
      map :=
        fun (A : Type) (B : Type) (f : fun (_ : A) -> B)
        (opt-A :
          fun (Out : Type) (_ : { some : fun (_ : A) -> Out; none : Out })
              -> Out)
        =>
          opt-A (Option B)
            { some := fun (x : A) => some B (f x); none := none B }
    };
  let option-applicative : Applicative :=
    {
      T := Option;
      functor := { T := #sing-intro; map := option-functor.map };
      pure := some;
      apply :=
        fun (A : Type) (B : Type)
        (opt-f :
          fun (Out : Type)
              (_ : { some : fun (_ : fun (_ : A) -> B) -> Out; none : Out })
              -> Out)
        (opt-A :
          fun (Out : Type) (_ : { some : fun (_ : A) -> Out; none : Out })
              -> Out)
        =>
          opt-f (Option B)
            {
              some :=
                fun (f : fun (_ : A) -> B) => option-functor.map A B f opt-A;
              none := none B
            }
    };
  let option-monad : Monad :=
    {
      T := Option;
      applicative :=
        {
          T := #sing-intro;
          functor := option-applicative.functor;
          pure := option-applicative.pure;
          apply := option-applicative.apply
        };
      flat-map :=
        fun (A : Type) (B : Type)
        (f :
          fun (_ : A) (Out : Type)
              (_ : { some : fun (_ : B) -> Out; none : Out }) -> Out)
        (opt-A :
          fun (Out : Type) (_ : { some : fun (_ : A) -> Out; none : Out })
              -> Out)
        =>
          opt-A (Option B) { some := f; none := none B }
    };
  Type
