────────────────────────────────────────────────────────────────────────────────
Knowledge Base
────────────────────────────────────────────────────────────────────────────────
parent("Arwen", "Eldarion").
parent("Aragorn II", "Eldarion").
parent("Celebrían", "Elladan").
parent("Elrond", "Elladan").
parent("Celebrían", "Elrohir").
parent("Elrond", "Elrohir").
parent("Celebrían", "Arwen").
parent("Elrond", "Arwen").
parent("Eärwen", "Galadriel").
parent("Finarfen", "Galadriel").
parent("Elwing", "Elrond").
parent("Eärendil", "Elrond").
parent("Elwing", "Elros").
parent("Eärendil", "Elros").
parent("Galadhon", "Celeborn").
parent("Galadhon", "Galathil").
parent("Galadriel", "Celebrían").
parent("Celeborn", "Celebrían").
parent("Galathil", "Nimloth").
parent("Lúthien", "Dior").
parent("Beren", "Dior").
parent("Melian", "Lúthien").
parent("Elu Thingol", "Lúthien").
parent("Nimloth", "Elwing").
parent("Dior", "Elwing").
parent("Tuor", "Eärendil").
parent("Idril", "Eärendil").
parent("Elendil", "Isildur").
parent("Elendil", "Anárion").
parent("Gilraen", "Aragorn II").
parent("Arathorn II", "Aragorn II").
distantAncestor("Elros", "Elendil").
distantAncestor("Isildur", "Arvedui").
distantAncestor("Anárion", "Fíriel").
distantAncestor("Fíriel", "Arathorn II").
distantAncestor("Arvedui", "Arathorn II").
ancestor("Arwen", "Eldarion").
ancestor("Aragorn II", "Eldarion").
ancestor("Celebrían", "Elladan").
ancestor("Elrond", "Elladan").
ancestor("Celebrían", "Elrohir").
ancestor("Elrond", "Elrohir").
ancestor("Celebrían", "Arwen").
ancestor("Elrond", "Arwen").
ancestor("Eärwen", "Galadriel").
ancestor("Finarfen", "Galadriel").
ancestor("Elwing", "Elrond").
ancestor("Eärendil", "Elrond").
ancestor("Elwing", "Elros").
ancestor("Eärendil", "Elros").
ancestor("Galadhon", "Celeborn").
ancestor("Galadhon", "Galathil").
ancestor("Galadriel", "Celebrían").
ancestor("Celeborn", "Celebrían").
ancestor("Galathil", "Nimloth").
ancestor("Lúthien", "Dior").
ancestor("Beren", "Dior").
ancestor("Melian", "Lúthien").
ancestor("Elu Thingol", "Lúthien").
ancestor("Nimloth", "Elwing").
ancestor("Dior", "Elwing").
ancestor("Tuor", "Eärendil").
ancestor("Idril", "Eärendil").
ancestor("Elendil", "Isildur").
ancestor("Elendil", "Anárion").
ancestor("Gilraen", "Aragorn II").
ancestor("Arathorn II", "Aragorn II").
ancestor("Celebrían", "Eldarion").
ancestor("Elrond", "Eldarion").
ancestor("Gilraen", "Eldarion").
ancestor("Arathorn II", "Eldarion").
ancestor("Galadriel", "Elladan").
ancestor("Celeborn", "Elladan").
ancestor("Elwing", "Elladan").
ancestor("Eärendil", "Elladan").
ancestor("Galadriel", "Elrohir").
ancestor("Celeborn", "Elrohir").
ancestor("Elwing", "Elrohir").
ancestor("Eärendil", "Elrohir").
ancestor("Galadriel", "Arwen").
ancestor("Celeborn", "Arwen").
ancestor("Elwing", "Arwen").
ancestor("Eärendil", "Arwen").
ancestor("Nimloth", "Elrond").
ancestor("Dior", "Elrond").
ancestor("Tuor", "Elrond").
ancestor("Idril", "Elrond").
ancestor("Nimloth", "Elros").
ancestor("Dior", "Elros").
ancestor("Tuor", "Elros").
ancestor("Idril", "Elros").
ancestor("Eärwen", "Celebrían").
ancestor("Finarfen", "Celebrían").
ancestor("Galadhon", "Celebrían").
ancestor("Galadhon", "Nimloth").
ancestor("Melian", "Dior").
ancestor("Elu Thingol", "Dior").
ancestor("Galathil", "Elwing").
ancestor("Lúthien", "Elwing").
ancestor("Beren", "Elwing").
ancestor("Elros", "Isildur").
ancestor("Elros", "Anárion").
ancestor("Fíriel", "Aragorn II").
ancestor("Arvedui", "Aragorn II").
ancestor("Elwing", "Elendil").
ancestor("Eärendil", "Elendil").
ancestor("Elendil", "Arvedui").
ancestor("Elendil", "Fíriel").
ancestor("Galadriel", "Eldarion").
ancestor("Celeborn", "Eldarion").
ancestor("Elwing", "Eldarion").
ancestor("Eärendil", "Eldarion").
ancestor("Eärwen", "Elladan").
ancestor("Finarfen", "Elladan").
ancestor("Galadhon", "Elladan").
ancestor("Nimloth", "Elladan").
ancestor("Dior", "Elladan").
ancestor("Tuor", "Elladan").
ancestor("Idril", "Elladan").
ancestor("Eärwen", "Elrohir").
ancestor("Finarfen", "Elrohir").
ancestor("Galadhon", "Elrohir").
ancestor("Nimloth", "Elrohir").
ancestor("Dior", "Elrohir").
ancestor("Tuor", "Elrohir").
ancestor("Idril", "Elrohir").
ancestor("Eärwen", "Arwen").
ancestor("Finarfen", "Arwen").
ancestor("Galadhon", "Arwen").
ancestor("Nimloth", "Arwen").
ancestor("Dior", "Arwen").
ancestor("Tuor", "Arwen").
ancestor("Idril", "Arwen").
ancestor("Galathil", "Elrond").
ancestor("Lúthien", "Elrond").
ancestor("Beren", "Elrond").
ancestor("Galathil", "Elros").
ancestor("Lúthien", "Elros").
ancestor("Beren", "Elros").
ancestor("Galadhon", "Elwing").
ancestor("Melian", "Elwing").
ancestor("Elu Thingol", "Elwing").
ancestor("Elwing", "Isildur").
ancestor("Eärendil", "Isildur").
ancestor("Elwing", "Anárion").
ancestor("Eärendil", "Anárion").
ancestor("Nimloth", "Elendil").
ancestor("Dior", "Elendil").
ancestor("Tuor", "Elendil").
ancestor("Idril", "Elendil").
ancestor("Fíriel", "Eldarion").
ancestor("Arvedui", "Eldarion").
ancestor("Anárion", "Aragorn II").
ancestor("Isildur", "Aragorn II").
ancestor("Elros", "Arvedui").
ancestor("Elros", "Fíriel").
ancestor("Elendil", "Arathorn II").
ancestor("Eärwen", "Eldarion").
ancestor("Finarfen", "Eldarion").
ancestor("Galadhon", "Eldarion").
ancestor("Nimloth", "Eldarion").
ancestor("Dior", "Eldarion").
ancestor("Tuor", "Eldarion").
ancestor("Idril", "Eldarion").
ancestor("Galathil", "Elladan").
ancestor("Lúthien", "Elladan").
ancestor("Beren", "Elladan").
ancestor("Galathil", "Elrohir").
ancestor("Lúthien", "Elrohir").
ancestor("Beren", "Elrohir").
ancestor("Galathil", "Arwen").
ancestor("Lúthien", "Arwen").
ancestor("Beren", "Arwen").
ancestor("Galadhon", "Elrond").
ancestor("Melian", "Elrond").
ancestor("Elu Thingol", "Elrond").
ancestor("Galadhon", "Elros").
ancestor("Melian", "Elros").
ancestor("Elu Thingol", "Elros").
ancestor("Nimloth", "Isildur").
ancestor("Dior", "Isildur").
ancestor("Tuor", "Isildur").
ancestor("Idril", "Isildur").
ancestor("Nimloth", "Anárion").
ancestor("Dior", "Anárion").
ancestor("Tuor", "Anárion").
ancestor("Idril", "Anárion").
ancestor("Galathil", "Elendil").
ancestor("Lúthien", "Elendil").
ancestor("Beren", "Elendil").
ancestor("Elendil", "Aragorn II").
ancestor("Elwing", "Arvedui").
ancestor("Eärendil", "Arvedui").
ancestor("Elwing", "Fíriel").
ancestor("Eärendil", "Fíriel").
ancestor("Anárion", "Eldarion").
ancestor("Isildur", "Eldarion").
ancestor("Elros", "Arathorn II").
ancestor("Galathil", "Eldarion").
ancestor("Lúthien", "Eldarion").
ancestor("Beren", "Eldarion").
ancestor("Melian", "Elladan").
ancestor("Elu Thingol", "Elladan").
ancestor("Melian", "Elrohir").
ancestor("Elu Thingol", "Elrohir").
ancestor("Melian", "Arwen").
ancestor("Elu Thingol", "Arwen").
ancestor("Galathil", "Isildur").
ancestor("Lúthien", "Isildur").
ancestor("Beren", "Isildur").
ancestor("Galathil", "Anárion").
ancestor("Lúthien", "Anárion").
ancestor("Beren", "Anárion").
ancestor("Galadhon", "Elendil").
ancestor("Melian", "Elendil").
ancestor("Elu Thingol", "Elendil").
ancestor("Nimloth", "Arvedui").
ancestor("Dior", "Arvedui").
ancestor("Tuor", "Arvedui").
ancestor("Idril", "Arvedui").
ancestor("Nimloth", "Fíriel").
ancestor("Dior", "Fíriel").
ancestor("Tuor", "Fíriel").
ancestor("Idril", "Fíriel").
ancestor("Elendil", "Eldarion").
ancestor("Elwing", "Arathorn II").
ancestor("Eärendil", "Arathorn II").
ancestor("Elros", "Aragorn II").
ancestor("Melian", "Eldarion").
ancestor("Elu Thingol", "Eldarion").
ancestor("Galadhon", "Isildur").
ancestor("Melian", "Isildur").
ancestor("Elu Thingol", "Isildur").
ancestor("Galadhon", "Anárion").
ancestor("Melian", "Anárion").
ancestor("Elu Thingol", "Anárion").
ancestor("Galathil", "Arvedui").
ancestor("Lúthien", "Arvedui").
ancestor("Beren", "Arvedui").
ancestor("Galathil", "Fíriel").
ancestor("Lúthien", "Fíriel").
ancestor("Beren", "Fíriel").
ancestor("Nimloth", "Arathorn II").
ancestor("Dior", "Arathorn II").
ancestor("Tuor", "Arathorn II").
ancestor("Idril", "Arathorn II").
ancestor("Elwing", "Aragorn II").
ancestor("Eärendil", "Aragorn II").
ancestor("Elros", "Eldarion").
ancestor("Galadhon", "Arvedui").
ancestor("Melian", "Arvedui").
ancestor("Elu Thingol", "Arvedui").
ancestor("Galadhon", "Fíriel").
ancestor("Melian", "Fíriel").
ancestor("Elu Thingol", "Fíriel").
ancestor("Galathil", "Arathorn II").
ancestor("Lúthien", "Arathorn II").
ancestor("Beren", "Arathorn II").
ancestor("Nimloth", "Aragorn II").
ancestor("Dior", "Aragorn II").
ancestor("Tuor", "Aragorn II").
ancestor("Idril", "Aragorn II").
ancestor("Galadhon", "Arathorn II").
ancestor("Melian", "Arathorn II").
ancestor("Elu Thingol", "Arathorn II").
ancestor("Galathil", "Aragorn II").
ancestor("Lúthien", "Aragorn II").
ancestor("Beren", "Aragorn II").
ancestor("Galadhon", "Aragorn II").
ancestor("Melian", "Aragorn II").
ancestor("Elu Thingol", "Aragorn II").

────────────────────────────────────────────────────────────────────────────────
Query Results
────────────────────────────────────────────────────────────────────────────────
? ancestor("Elrond", "Celeborn").
  no

? ancestor("Elrond", "Eldarion").
  yes

? parent("Elrond", Child).
  > Child := "Elladan".
  > Child := "Elrohir".
  > Child := "Arwen".
  yes

? parent(Parent, "Elrond").
  > Parent := "Elwing".
  > Parent := "Eärendil".
  yes

? ancestor("Melian", Intermediate), ancestor(Intermediate, "Arwen").
  > Intermediate := "Elrond".
  > Intermediate := "Elwing".
  > Intermediate := "Dior".
  > Intermediate := "Lúthien".
  yes

? ancestor("Melian", Intermediate), ancestor(Intermediate, "Eldarion").
  > Intermediate := "Arwen".
  > Intermediate := "Aragorn II".
  > Intermediate := "Elrond".
  > Intermediate := "Arathorn II".
  > Intermediate := "Elwing".
  > Intermediate := "Fíriel".
  > Intermediate := "Arvedui".
  > Intermediate := "Dior".
  > Intermediate := "Anárion".
  > Intermediate := "Isildur".
  > Intermediate := "Lúthien".
  > Intermediate := "Elendil".
  > Intermediate := "Elros".
  yes

? ancestor("Galadriel", Descendent).
  > Descendent := "Celebrían".
  > Descendent := "Elladan".
  > Descendent := "Elrohir".
  > Descendent := "Arwen".
  > Descendent := "Eldarion".
  yes

? ancestor(Ancestor, Descendant), ancestor(Descendant, "Elwing").
  > Ancestor := "Galathil".
    Descendant := "Nimloth".
  > Ancestor := "Galadhon".
    Descendant := "Nimloth".
  > Ancestor := "Lúthien".
    Descendant := "Dior".
  > Ancestor := "Beren".
    Descendant := "Dior".
  > Ancestor := "Melian".
    Descendant := "Dior".
  > Ancestor := "Elu Thingol".
    Descendant := "Dior".
  > Ancestor := "Galadhon".
    Descendant := "Galathil".
  > Ancestor := "Melian".
    Descendant := "Lúthien".
  > Ancestor := "Elu Thingol".
    Descendant := "Lúthien".
  yes

