────────────────────────────────────────────────────────────────────────────────
Knowledge Base
────────────────────────────────────────────────────────────────────────────────
edge(1, 2).
edge(2, 3).
path(1, 2).
path(2, 3).
path(1, 3).

────────────────────────────────────────────────────────────────────────────────
Query Results
────────────────────────────────────────────────────────────────────────────────
? path(3, 1).
  no

? path(1, 3).
  yes

? path(Start, 3).
  > Start := 2.
  > Start := 1.
  yes

? path(Start, End).
  > Start := 1.
    End := 2.
  > Start := 2.
    End := 3.
  > Start := 1.
    End := 3.
  yes

